Example of additional logging (logging each CSV/Excel Action) - TestBase:159

2020-09-22 15:06:20 INFO  [pool-1-thread-9] com.versatiletester.test.TestBase:95 - Test 'com.versatiletester.test.impl.app.GuessWhoExcel_Tests.guessWhoBlackPantherFlow' starting...
2020-09-22 15:06:20 INFO  [pool-1-thread-4] com.versatiletester.test.TestBase:95 - Test 'com.versatiletester.test.impl.app.GuessWhoExcel_Tests.guessWhoSpidermanFlow' starting...
2020-09-22 15:06:20 INFO  [pool-1-thread-8] com.versatiletester.test.TestBase:95 - Test 'com.versatiletester.test.impl.app.GuessWhoCSV_Tests.guessWhoBlackPantherFlow' starting...
2020-09-22 15:06:20 INFO  [pool-1-thread-5] com.versatiletester.test.TestBase:95 - Test 'com.versatiletester.test.impl.app.GuessWhoCSV_Tests.guessWhoSpidermanFlow' starting...
2020-09-22 15:06:20 INFO  [pool-1-thread-13] com.versatiletester.test.TestBase:95 - Test 'com.versatiletester.test.impl.app.GuessWhoExcel_Tests.guessWhoDeadpoolFlow' starting...
2020-09-22 15:06:20 INFO  [pool-1-thread-7] com.versatiletester.test.TestBase:95 - Test 'com.versatiletester.test.impl.app.GuessWhoExcel_Tests.guessWhoBatmanFlow' starting...
2020-09-22 15:06:20 INFO  [pool-1-thread-11] com.versatiletester.test.TestBase:95 - Test 'com.versatiletester.test.impl.app.GuessWhoCSV_Tests.guessWhoDeadpoolFlow' starting...
2020-09-22 15:06:20 INFO  [pool-1-thread-12] com.versatiletester.test.TestBase:95 - Test 'com.versatiletester.test.impl.app.GuessWhoExcel_Tests.guessWhoSupermanFlow' starting...
2020-09-22 15:06:20 INFO  [pool-1-thread-10] com.versatiletester.test.TestBase:95 - Test 'com.versatiletester.test.impl.app.GuessWhoCSV_Tests.guessWhoSupermanFlow' starting...
2020-09-22 15:06:20 INFO  [pool-1-thread-6] com.versatiletester.test.TestBase:95 - Test 'com.versatiletester.test.impl.app.GuessWhoCSV_Tests.guessWhoBatmanFlow' starting...
2020-09-22 15:06:20 INFO  [pool-1-thread-8] com.versatiletester.test.TestBase:140 - Starting Web App Actions: WEB_GuessWho_BlackPanther
2020-09-22 15:06:20 INFO  [pool-1-thread-5] com.versatiletester.test.TestBase:140 - Starting Web App Actions: WEB_GuessWho_Spiderman
2020-09-22 15:06:20 INFO  [pool-1-thread-12] com.versatiletester.test.TestBase:136 - Starting Web App Actions: GuessWho_Superman
2020-09-22 15:06:20 INFO  [pool-1-thread-7] com.versatiletester.test.TestBase:136 - Starting Web App Actions: GuessWho_Batman
2020-09-22 15:06:20 INFO  [pool-1-thread-10] com.versatiletester.test.TestBase:140 - Starting Web App Actions: WEB_GuessWho_Superman
2020-09-22 15:06:20 INFO  [pool-1-thread-9] com.versatiletester.test.TestBase:136 - Starting Web App Actions: GuessWho_BlackPanther
2020-09-22 15:06:20 INFO  [pool-1-thread-6] com.versatiletester.test.TestBase:140 - Starting Web App Actions: WEB_GuessWho_Batman
2020-09-22 15:06:20 INFO  [pool-1-thread-4] com.versatiletester.test.TestBase:136 - Starting Web App Actions: GuessWho_Spiderman
2020-09-22 15:06:20 INFO  [pool-1-thread-13] com.versatiletester.test.TestBase:136 - Starting Web App Actions: GuessWho_Deadpool
2020-09-22 15:06:20 INFO  [pool-1-thread-4] com.versatiletester.test.TestBase:159 - ActionType: NAVIGATE; Value: <app.url>; 
2020-09-22 15:06:20 INFO  [pool-1-thread-6] com.versatiletester.test.TestBase:159 - ActionType: NAVIGATE; Value: <app.url>; 
2020-09-22 15:06:20 INFO  [pool-1-thread-9] com.versatiletester.test.TestBase:159 - ActionType: NAVIGATE; Value: <app.url>; 
2020-09-22 15:06:20 INFO  [pool-1-thread-10] com.versatiletester.test.TestBase:159 - ActionType: NAVIGATE; Value: <app.url>; 
2020-09-22 15:06:20 INFO  [pool-1-thread-7] com.versatiletester.test.TestBase:159 - ActionType: NAVIGATE; Value: <app.url>; 
2020-09-22 15:06:20 INFO  [pool-1-thread-11] com.versatiletester.test.TestBase:140 - Starting Web App Actions: WEB_GuessWho_Deadpool
2020-09-22 15:06:20 INFO  [pool-1-thread-12] com.versatiletester.test.TestBase:159 - ActionType: NAVIGATE; Value: <app.url>; 
2020-09-22 15:06:20 INFO  [pool-1-thread-5] com.versatiletester.test.TestBase:159 - ActionType: NAVIGATE; Value: <app.url>; 
2020-09-22 15:06:20 INFO  [pool-1-thread-8] com.versatiletester.test.TestBase:159 - ActionType: NAVIGATE; Value: <app.url>; 
2020-09-22 15:06:20 INFO  [pool-1-thread-5] com.versatiletester.util.driver.DriverFactory:62 - Maven Profile: grid
2020-09-22 15:06:20 INFO  [pool-1-thread-4] com.versatiletester.util.driver.DriverFactory:62 - Maven Profile: grid
2020-09-22 15:06:20 INFO  [pool-1-thread-6] com.versatiletester.util.driver.DriverFactory:62 - Maven Profile: grid
2020-09-22 15:06:20 INFO  [pool-1-thread-12] com.versatiletester.util.driver.DriverFactory:62 - Maven Profile: grid
2020-09-22 15:06:20 INFO  [pool-1-thread-7] com.versatiletester.util.driver.DriverFactory:62 - Maven Profile: grid
2020-09-22 15:06:20 INFO  [pool-1-thread-9] com.versatiletester.util.driver.DriverFactory:62 - Maven Profile: grid
2020-09-22 15:06:20 INFO  [pool-1-thread-10] com.versatiletester.util.driver.DriverFactory:62 - Maven Profile: grid
2020-09-22 15:06:20 INFO  [pool-1-thread-11] com.versatiletester.test.TestBase:159 - ActionType: NAVIGATE; Value: <app.url>; 
2020-09-22 15:06:20 INFO  [pool-1-thread-13] com.versatiletester.test.TestBase:159 - ActionType: NAVIGATE; Value: <app.url>; 
2020-09-22 15:06:20 INFO  [pool-1-thread-13] com.versatiletester.util.driver.DriverFactory:62 - Maven Profile: grid
2020-09-22 15:06:20 INFO  [pool-1-thread-11] com.versatiletester.util.driver.DriverFactory:62 - Maven Profile: grid
2020-09-22 15:06:20 INFO  [pool-1-thread-8] com.versatiletester.util.driver.DriverFactory:62 - Maven Profile: grid
2020-09-22 15:06:26 INFO  [pool-1-thread-10] com.versatiletester.test.TestBase:159 - ActionType: CLICK; IdentifierType: id; IdentifierValue: gw-link; 
2020-09-22 15:06:26 INFO  [pool-1-thread-9] com.versatiletester.test.TestBase:159 - ActionType: CLICK; IdentifierType: id; IdentifierValue: gw-link; 
2020-09-22 15:06:27 INFO  [pool-1-thread-12] com.versatiletester.test.TestBase:159 - ActionType: CLICK; IdentifierType: id; IdentifierValue: gw-link; 
2020-09-22 15:06:27 INFO  [pool-1-thread-13] com.versatiletester.test.TestBase:159 - ActionType: CLICK; IdentifierType: id; IdentifierValue: gw-link; 
2020-09-22 15:06:28 INFO  [pool-1-thread-12] com.versatiletester.test.TestBase:159 - ActionType: CLICK; IdentifierType: id; IdentifierValue: btn-next; 
2020-09-22 15:06:28 INFO  [pool-1-thread-9] com.versatiletester.test.TestBase:159 - ActionType: CLICK; IdentifierType: id; IdentifierValue: btn-next; 
2020-09-22 15:06:28 INFO  [pool-1-thread-13] com.versatiletester.test.TestBase:159 - ActionType: CLICK; IdentifierType: id; IdentifierValue: btn-next; 
2020-09-22 15:06:28 INFO  [pool-1-thread-10] com.versatiletester.test.TestBase:159 - ActionType: CLICK; IdentifierType: id; IdentifierValue: btn-next; 
2020-09-22 15:06:28 INFO  [pool-1-thread-12] com.versatiletester.test.TestBase:159 - ActionType: CLICK; IdentifierType: id; IdentifierValue: option-yes; 
2020-09-22 15:06:29 INFO  [pool-1-thread-9] com.versatiletester.test.TestBase:159 - ActionType: CLICK; IdentifierType: id; IdentifierValue: option-yes; 
2020-09-22 15:06:29 INFO  [pool-1-thread-13] com.versatiletester.test.TestBase:159 - ActionType: CLICK; IdentifierType: id; IdentifierValue: option-yes; 
2020-09-22 15:06:29 INFO  [pool-1-thread-10] com.versatiletester.test.TestBase:159 - ActionType: CLICK; IdentifierType: id; IdentifierValue: option-yes; 
2020-09-22 15:06:29 INFO  [pool-1-thread-12] com.versatiletester.test.TestBase:159 - ActionType: CLICK; IdentifierType: id; IdentifierValue: btn-next; 
2020-09-22 15:06:29 INFO  [pool-1-thread-9] com.versatiletester.test.TestBase:159 - ActionType: CLICK; IdentifierType: id; IdentifierValue: btn-next; 
2020-09-22 15:06:29 INFO  [pool-1-thread-13] com.versatiletester.test.TestBase:159 - ActionType: CLICK; IdentifierType: id; IdentifierValue: btn-next; 
2020-09-22 15:06:30 INFO  [pool-1-thread-10] com.versatiletester.test.TestBase:159 - ActionType: CLICK; IdentifierType: id; IdentifierValue: btn-next; 
2020-09-22 15:06:30 INFO  [pool-1-thread-12] com.versatiletester.test.TestBase:159 - ActionType: CLICK; IdentifierType: id; IdentifierValue: option-yes; 
2020-09-22 15:06:30 INFO  [pool-1-thread-9] com.versatiletester.test.TestBase:159 - ActionType: CLICK; IdentifierType: id; IdentifierValue: option-yes; 
2020-09-22 15:06:30 INFO  [pool-1-thread-13] com.versatiletester.test.TestBase:159 - ActionType: CLICK; IdentifierType: id; IdentifierValue: option-yes; 
2020-09-22 15:06:30 INFO  [pool-1-thread-10] com.versatiletester.test.TestBase:159 - ActionType: CLICK; IdentifierType: id; IdentifierValue: option-yes; 
2020-09-22 15:06:31 INFO  [pool-1-thread-12] com.versatiletester.test.TestBase:159 - ActionType: CLICK; IdentifierType: id; IdentifierValue: btn-next; 
2020-09-22 15:06:31 INFO  [pool-1-thread-9] com.versatiletester.test.TestBase:159 - ActionType: CLICK; IdentifierType: id; IdentifierValue: btn-next; 
2020-09-22 15:06:31 INFO  [pool-1-thread-10] com.versatiletester.test.TestBase:159 - ActionType: CLICK; IdentifierType: id; IdentifierValue: btn-next; 
2020-09-22 15:06:31 INFO  [pool-1-thread-13] com.versatiletester.test.TestBase:159 - ActionType: CLICK; IdentifierType: id; IdentifierValue: btn-next; 
2020-09-22 15:06:31 INFO  [pool-1-thread-12] com.versatiletester.test.TestBase:159 - ActionType: CLICK; IdentifierType: id; IdentifierValue: option-yes; 
2020-09-22 15:06:32 INFO  [pool-1-thread-9] com.versatiletester.test.TestBase:159 - ActionType: CLICK; IdentifierType: id; IdentifierValue: option-no; 
2020-09-22 15:06:32 INFO  [pool-1-thread-13] com.versatiletester.test.TestBase:159 - ActionType: CLICK; IdentifierType: id; IdentifierValue: option-no; 
2020-09-22 15:06:32 INFO  [pool-1-thread-10] com.versatiletester.test.TestBase:159 - ActionType: CLICK; IdentifierType: id; IdentifierValue: option-yes; 
2020-09-22 15:06:32 INFO  [pool-1-thread-12] com.versatiletester.test.TestBase:159 - ActionType: CLICK; IdentifierType: id; IdentifierValue: btn-next; 
2020-09-22 15:06:32 INFO  [pool-1-thread-9] com.versatiletester.test.TestBase:159 - ActionType: CLICK; IdentifierType: id; IdentifierValue: btn-next; 
2020-09-22 15:06:33 INFO  [pool-1-thread-13] com.versatiletester.test.TestBase:159 - ActionType: CLICK; IdentifierType: id; IdentifierValue: btn-next; 
2020-09-22 15:06:33 INFO  [pool-1-thread-10] com.versatiletester.test.TestBase:159 - ActionType: CLICK; IdentifierType: id; IdentifierValue: btn-next; 
2020-09-22 15:06:33 INFO  [pool-1-thread-12] com.versatiletester.test.TestBase:159 - ActionType: CLICK; IdentifierType: id; IdentifierValue: option-no; 
2020-09-22 15:06:33 INFO  [pool-1-thread-9] com.versatiletester.test.TestBase:159 - ActionType: CLICK; IdentifierType: id; IdentifierValue: option-yes; 
2020-09-22 15:06:33 INFO  [pool-1-thread-10] com.versatiletester.test.TestBase:159 - ActionType: CLICK; IdentifierType: id; IdentifierValue: option-no; 
2020-09-22 15:06:33 INFO  [pool-1-thread-13] com.versatiletester.test.TestBase:159 - ActionType: CLICK; IdentifierType: id; IdentifierValue: option-yes; 
2020-09-22 15:06:34 INFO  [pool-1-thread-12] com.versatiletester.test.TestBase:159 - ActionType: CLICK; IdentifierType: id; IdentifierValue: btn-next; 
2020-09-22 15:06:34 INFO  [pool-1-thread-9] com.versatiletester.test.TestBase:159 - ActionType: CLICK; IdentifierType: id; IdentifierValue: btn-next; 
2020-09-22 15:06:34 INFO  [pool-1-thread-10] com.versatiletester.test.TestBase:159 - ActionType: CLICK; IdentifierType: id; IdentifierValue: btn-next; 
2020-09-22 15:06:34 INFO  [pool-1-thread-13] com.versatiletester.test.TestBase:159 - ActionType: CLICK; IdentifierType: id; IdentifierValue: btn-next; 
2020-09-22 15:06:35 INFO  [pool-1-thread-12] com.versatiletester.test.TestBase:159 - ActionType: CLICK; IdentifierType: id; IdentifierValue: option-no; 
2020-09-22 15:06:35 INFO  [pool-1-thread-9] com.versatiletester.test.TestBase:159 - ActionType: CLICK; IdentifierType: id; IdentifierValue: option-no; 
2020-09-22 15:06:35 INFO  [pool-1-thread-10] com.versatiletester.test.TestBase:159 - ActionType: CLICK; IdentifierType: id; IdentifierValue: option-no; 
2020-09-22 15:06:35 INFO  [pool-1-thread-13] com.versatiletester.test.TestBase:159 - ActionType: CLICK; IdentifierType: id; IdentifierValue: option-yes; 
2020-09-22 15:06:35 INFO  [pool-1-thread-12] com.versatiletester.test.TestBase:159 - ActionType: CLICK; IdentifierType: id; IdentifierValue: btn-next; 
2020-09-22 15:06:35 INFO  [pool-1-thread-9] com.versatiletester.test.TestBase:159 - ActionType: CLICK; IdentifierType: id; IdentifierValue: btn-next; 
2020-09-22 15:06:36 INFO  [pool-1-thread-10] com.versatiletester.test.TestBase:159 - ActionType: CLICK; IdentifierType: id; IdentifierValue: btn-next; 
2020-09-22 15:06:36 INFO  [pool-1-thread-13] com.versatiletester.test.TestBase:159 - ActionType: CLICK; IdentifierType: id; IdentifierValue: btn-next; 
2020-09-22 15:06:36 INFO  [pool-1-thread-9] com.versatiletester.test.TestBase:159 - ActionType: CLICK; IdentifierType: id; IdentifierValue: option-no; 
2020-09-22 15:06:36 INFO  [pool-1-thread-12] com.versatiletester.test.TestBase:159 - ActionType: ASSERT_ELEMENT; IdentifierType: xpath; IdentifierValue: //h1[text() = 'Superman']; Value: Exists; 
2020-09-22 15:06:36 INFO  [pool-1-thread-12] com.versatiletester.action.TestAction:164 - Asserting element (ActionType: ASSERT_ELEMENT; IdentifierType: xpath; IdentifierValue: //h1[text() = 'Superman']; Value: Exists; ) exists.
2020-09-22 15:06:36 INFO  [pool-1-thread-13] com.versatiletester.test.TestBase:159 - ActionType: CLICK; IdentifierType: id; IdentifierValue: option-yes; 
2020-09-22 15:06:36 INFO  [pool-1-thread-10] com.versatiletester.test.TestBase:159 - ActionType: ASSERT_ELEMENT; IdentifierType: xpath; IdentifierValue: //h1[text() = 'Superman']; Value: Exists; 
2020-09-22 15:06:36 INFO  [pool-1-thread-10] com.versatiletester.action.TestAction:164 - Asserting element (ActionType: ASSERT_ELEMENT; IdentifierType: xpath; IdentifierValue: //h1[text() = 'Superman']; Value: Exists; ) exists.
2020-09-22 15:06:37 INFO  [pool-1-thread-9] com.versatiletester.test.TestBase:159 - ActionType: CLICK; IdentifierType: id; IdentifierValue: btn-next; 
2020-09-22 15:06:37 INFO  [pool-1-thread-12] com.versatiletester.test.TestBase:123 - Test Passed: guessWhoSupermanFlow(com.versatiletester.test.impl.app.GuessWhoExcel_Tests)
2020-09-22 15:06:37 INFO  [pool-1-thread-13] com.versatiletester.test.TestBase:159 - ActionType: CLICK; IdentifierType: id; IdentifierValue: btn-next; 
2020-09-22 15:06:37 INFO  [pool-1-thread-10] com.versatiletester.test.TestBase:123 - Test Passed: guessWhoSupermanFlow(com.versatiletester.test.impl.app.GuessWhoCSV_Tests)
2020-09-22 15:06:38 INFO  [pool-1-thread-9] com.versatiletester.test.TestBase:159 - ActionType: ASSERT_ELEMENT; IdentifierType: xpath; IdentifierValue: //h1[text() = 'Black Panther']; Value: Exists; 
2020-09-22 15:06:38 INFO  [pool-1-thread-9] com.versatiletester.action.TestAction:164 - Asserting element (ActionType: ASSERT_ELEMENT; IdentifierType: xpath; IdentifierValue: //h1[text() = 'Black Panther']; Value: Exists; ) exists.
2020-09-22 15:06:38 INFO  [pool-1-thread-13] com.versatiletester.test.TestBase:159 - ActionType: ASSERT_ELEMENT; IdentifierType: xpath; IdentifierValue: //h1[text() = 'Deadpool']; Value: Exists; 
2020-09-22 15:06:38 INFO  [pool-1-thread-13] com.versatiletester.action.TestAction:164 - Asserting element (ActionType: ASSERT_ELEMENT; IdentifierType: xpath; IdentifierValue: //h1[text() = 'Deadpool']; Value: Exists; ) exists.
2020-09-22 15:06:39 INFO  [pool-1-thread-9] com.versatiletester.test.TestBase:123 - Test Passed: guessWhoBlackPantherFlow(com.versatiletester.test.impl.app.GuessWhoExcel_Tests)
2020-09-22 15:06:39 INFO  [pool-1-thread-13] com.versatiletester.test.TestBase:123 - Test Passed: guessWhoDeadpoolFlow(com.versatiletester.test.impl.app.GuessWhoExcel_Tests)
2020-09-22 15:07:02 INFO  [pool-1-thread-8] com.versatiletester.test.TestBase:159 - ActionType: CLICK; IdentifierType: id; IdentifierValue: gw-link; 
2020-09-22 15:07:02 INFO  [pool-1-thread-11] com.versatiletester.test.TestBase:159 - ActionType: CLICK; IdentifierType: id; IdentifierValue: gw-link; 
2020-09-22 15:07:03 INFO  [pool-1-thread-8] com.versatiletester.test.TestBase:159 - ActionType: CLICK; IdentifierType: id; IdentifierValue: btn-next; 
2020-09-22 15:07:03 INFO  [pool-1-thread-11] com.versatiletester.test.TestBase:159 - ActionType: CLICK; IdentifierType: id; IdentifierValue: btn-next; 
2020-09-22 15:07:04 INFO  [pool-1-thread-8] com.versatiletester.test.TestBase:159 - ActionType: CLICK; IdentifierType: id; IdentifierValue: option-yes; 
2020-09-22 15:07:04 INFO  [pool-1-thread-11] com.versatiletester.test.TestBase:159 - ActionType: CLICK; IdentifierType: id; IdentifierValue: option-yes; 
2020-09-22 15:07:05 INFO  [pool-1-thread-8] com.versatiletester.test.TestBase:159 - ActionType: CLICK; IdentifierType: id; IdentifierValue: btn-next; 
2020-09-22 15:07:05 INFO  [pool-1-thread-11] com.versatiletester.test.TestBase:159 - ActionType: CLICK; IdentifierType: id; IdentifierValue: btn-next; 
2020-09-22 15:07:05 INFO  [pool-1-thread-8] com.versatiletester.test.TestBase:159 - ActionType: CLICK; IdentifierType: id; IdentifierValue: option-yes; 
2020-09-22 15:07:06 INFO  [pool-1-thread-11] com.versatiletester.test.TestBase:159 - ActionType: CLICK; IdentifierType: id; IdentifierValue: option-yes; 
2020-09-22 15:07:06 INFO  [pool-1-thread-8] com.versatiletester.test.TestBase:159 - ActionType: CLICK; IdentifierType: id; IdentifierValue: btn-next; 
2020-09-22 15:07:06 INFO  [pool-1-thread-11] com.versatiletester.test.TestBase:159 - ActionType: CLICK; IdentifierType: id; IdentifierValue: btn-next; 
2020-09-22 15:07:07 INFO  [pool-1-thread-8] com.versatiletester.test.TestBase:159 - ActionType: CLICK; IdentifierType: id; IdentifierValue: option-no; 
2020-09-22 15:07:07 INFO  [pool-1-thread-11] com.versatiletester.test.TestBase:159 - ActionType: CLICK; IdentifierType: id; IdentifierValue: option-no; 
2020-09-22 15:07:08 INFO  [pool-1-thread-8] com.versatiletester.test.TestBase:159 - ActionType: CLICK; IdentifierType: id; IdentifierValue: btn-next; 
2020-09-22 15:07:08 INFO  [pool-1-thread-11] com.versatiletester.test.TestBase:159 - ActionType: CLICK; IdentifierType: id; IdentifierValue: btn-next; 
2020-09-22 15:07:09 INFO  [pool-1-thread-8] com.versatiletester.test.TestBase:159 - ActionType: CLICK; IdentifierType: id; IdentifierValue: option-yes; 
2020-09-22 15:07:09 INFO  [pool-1-thread-11] com.versatiletester.test.TestBase:159 - ActionType: CLICK; IdentifierType: id; IdentifierValue: option-yes; 
2020-09-22 15:07:09 INFO  [pool-1-thread-4] com.versatiletester.test.TestBase:159 - ActionType: CLICK; IdentifierType: id; IdentifierValue: gw-link; 
2020-09-22 15:07:10 INFO  [pool-1-thread-8] com.versatiletester.test.TestBase:159 - ActionType: CLICK; IdentifierType: id; IdentifierValue: btn-next; 
2020-09-22 15:07:10 INFO  [pool-1-thread-11] com.versatiletester.test.TestBase:159 - ActionType: CLICK; IdentifierType: id; IdentifierValue: btn-next; 
2020-09-22 15:07:10 INFO  [pool-1-thread-6] com.versatiletester.test.TestBase:159 - ActionType: CLICK; IdentifierType: id; IdentifierValue: gw-link; 
2020-09-22 15:07:10 INFO  [pool-1-thread-4] com.versatiletester.test.TestBase:159 - ActionType: CLICK; IdentifierType: id; IdentifierValue: btn-next; 
2020-09-22 15:07:10 INFO  [pool-1-thread-8] com.versatiletester.test.TestBase:159 - ActionType: CLICK; IdentifierType: id; IdentifierValue: option-no; 
2020-09-22 15:07:11 INFO  [pool-1-thread-11] com.versatiletester.test.TestBase:159 - ActionType: CLICK; IdentifierType: id; IdentifierValue: option-yes; 
2020-09-22 15:07:11 INFO  [pool-1-thread-8] com.versatiletester.test.TestBase:159 - ActionType: CLICK; IdentifierType: id; IdentifierValue: btn-next; 
2020-09-22 15:07:11 INFO  [pool-1-thread-6] com.versatiletester.test.TestBase:159 - ActionType: CLICK; IdentifierType: id; IdentifierValue: btn-next; 
2020-09-22 15:07:12 INFO  [pool-1-thread-11] com.versatiletester.test.TestBase:159 - ActionType: CLICK; IdentifierType: id; IdentifierValue: btn-next; 
2020-09-22 15:07:12 INFO  [pool-1-thread-4] com.versatiletester.test.TestBase:159 - ActionType: CLICK; IdentifierType: id; IdentifierValue: option-yes; 
2020-09-22 15:07:12 INFO  [pool-1-thread-8] com.versatiletester.test.TestBase:159 - ActionType: CLICK; IdentifierType: id; IdentifierValue: option-no; 
2020-09-22 15:07:12 INFO  [pool-1-thread-11] com.versatiletester.test.TestBase:159 - ActionType: CLICK; IdentifierType: id; IdentifierValue: option-yes; 
2020-09-22 15:07:12 INFO  [pool-1-thread-6] com.versatiletester.test.TestBase:159 - ActionType: CLICK; IdentifierType: id; IdentifierValue: option-yes; 
2020-09-22 15:07:12 INFO  [pool-1-thread-4] com.versatiletester.test.TestBase:159 - ActionType: CLICK; IdentifierType: id; IdentifierValue: btn-next; 
2020-09-22 15:07:13 INFO  [pool-1-thread-8] com.versatiletester.test.TestBase:159 - ActionType: CLICK; IdentifierType: id; IdentifierValue: btn-next; 
2020-09-22 15:07:13 INFO  [pool-1-thread-11] com.versatiletester.test.TestBase:159 - ActionType: CLICK; IdentifierType: id; IdentifierValue: btn-next; 
2020-09-22 15:07:13 INFO  [pool-1-thread-4] com.versatiletester.test.TestBase:159 - ActionType: CLICK; IdentifierType: id; IdentifierValue: option-yes; 
2020-09-22 15:07:13 INFO  [pool-1-thread-6] com.versatiletester.test.TestBase:159 - ActionType: CLICK; IdentifierType: id; IdentifierValue: btn-next; 
2020-09-22 15:07:14 INFO  [pool-1-thread-8] com.versatiletester.test.TestBase:159 - ActionType: ASSERT_ELEMENT; IdentifierType: xpath; IdentifierValue: //h1[text() = 'Black Panther']; Value: Exists; 
2020-09-22 15:07:14 INFO  [pool-1-thread-8] com.versatiletester.action.TestAction:164 - Asserting element (ActionType: ASSERT_ELEMENT; IdentifierType: xpath; IdentifierValue: //h1[text() = 'Black Panther']; Value: Exists; ) exists.
2020-09-22 15:07:14 INFO  [pool-1-thread-11] com.versatiletester.test.TestBase:159 - ActionType: ASSERT_ELEMENT; IdentifierType: xpath; IdentifierValue: //h1[text() = 'Deadpool']; Value: Exists; 
2020-09-22 15:07:14 INFO  [pool-1-thread-11] com.versatiletester.action.TestAction:164 - Asserting element (ActionType: ASSERT_ELEMENT; IdentifierType: xpath; IdentifierValue: //h1[text() = 'Deadpool']; Value: Exists; ) exists.
2020-09-22 15:07:14 INFO  [pool-1-thread-6] com.versatiletester.test.TestBase:159 - ActionType: CLICK; IdentifierType: id; IdentifierValue: option-no; 
2020-09-22 15:07:14 INFO  [pool-1-thread-4] com.versatiletester.test.TestBase:159 - ActionType: CLICK; IdentifierType: id; IdentifierValue: btn-next; 
2020-09-22 15:07:14 INFO  [pool-1-thread-8] com.versatiletester.test.TestBase:123 - Test Passed: guessWhoBlackPantherFlow(com.versatiletester.test.impl.app.GuessWhoCSV_Tests)
2020-09-22 15:07:15 INFO  [pool-1-thread-11] com.versatiletester.test.TestBase:123 - Test Passed: guessWhoDeadpoolFlow(com.versatiletester.test.impl.app.GuessWhoCSV_Tests)
2020-09-22 15:07:15 INFO  [pool-1-thread-6] com.versatiletester.test.TestBase:159 - ActionType: CLICK; IdentifierType: id; IdentifierValue: btn-next; 
2020-09-22 15:07:15 INFO  [pool-1-thread-4] com.versatiletester.test.TestBase:159 - ActionType: CLICK; IdentifierType: id; IdentifierValue: option-no; 
2020-09-22 15:07:16 INFO  [pool-1-thread-6] com.versatiletester.test.TestBase:159 - ActionType: CLICK; IdentifierType: id; IdentifierValue: option-yes; 
2020-09-22 15:07:16 INFO  [pool-1-thread-4] com.versatiletester.test.TestBase:159 - ActionType: CLICK; IdentifierType: id; IdentifierValue: btn-next; 
2020-09-22 15:07:16 INFO  [pool-1-thread-6] com.versatiletester.test.TestBase:159 - ActionType: CLICK; IdentifierType: id; IdentifierValue: btn-next; 
2020-09-22 15:07:17 INFO  [pool-1-thread-4] com.versatiletester.test.TestBase:159 - ActionType: CLICK; IdentifierType: id; IdentifierValue: option-yes; 
2020-09-22 15:07:17 INFO  [pool-1-thread-6] com.versatiletester.test.TestBase:159 - ActionType: CLICK; IdentifierType: id; IdentifierValue: option-yes; 
2020-09-22 15:07:17 INFO  [pool-1-thread-4] com.versatiletester.test.TestBase:159 - ActionType: CLICK; IdentifierType: id; IdentifierValue: btn-next; 
2020-09-22 15:07:18 INFO  [pool-1-thread-6] com.versatiletester.test.TestBase:159 - ActionType: CLICK; IdentifierType: id; IdentifierValue: btn-next; 
2020-09-22 15:07:18 INFO  [pool-1-thread-4] com.versatiletester.test.TestBase:159 - ActionType: CLICK; IdentifierType: id; IdentifierValue: option-no; 
2020-09-22 15:07:19 INFO  [pool-1-thread-6] com.versatiletester.test.TestBase:159 - ActionType: ASSERT_ELEMENT; IdentifierType: xpath; IdentifierValue: //h1[text() = 'Batman']; Value: Exists; 
2020-09-22 15:07:19 INFO  [pool-1-thread-6] com.versatiletester.action.TestAction:164 - Asserting element (ActionType: ASSERT_ELEMENT; IdentifierType: xpath; IdentifierValue: //h1[text() = 'Batman']; Value: Exists; ) exists.
2020-09-22 15:07:19 INFO  [pool-1-thread-4] com.versatiletester.test.TestBase:159 - ActionType: CLICK; IdentifierType: id; IdentifierValue: btn-next; 
2020-09-22 15:07:20 INFO  [pool-1-thread-6] com.versatiletester.test.TestBase:123 - Test Passed: guessWhoBatmanFlow(com.versatiletester.test.impl.app.GuessWhoCSV_Tests)
2020-09-22 15:07:20 INFO  [pool-1-thread-4] com.versatiletester.test.TestBase:159 - ActionType: CLICK; IdentifierType: id; IdentifierValue: option-yes; 
2020-09-22 15:07:21 INFO  [pool-1-thread-4] com.versatiletester.test.TestBase:159 - ActionType: CLICK; IdentifierType: id; IdentifierValue: btn-next; 
2020-09-22 15:07:21 INFO  [pool-1-thread-4] com.versatiletester.test.TestBase:159 - ActionType: ASSERT_ELEMENT; IdentifierType: xpath; IdentifierValue: //h1[text() = 'Spiderman']; Value: Exists; 
2020-09-22 15:07:21 INFO  [pool-1-thread-4] com.versatiletester.action.TestAction:164 - Asserting element (ActionType: ASSERT_ELEMENT; IdentifierType: xpath; IdentifierValue: //h1[text() = 'Spiderman']; Value: Exists; ) exists.
2020-09-22 15:07:22 INFO  [pool-1-thread-4] com.versatiletester.test.TestBase:123 - Test Passed: guessWhoSpidermanFlow(com.versatiletester.test.impl.app.GuessWhoExcel_Tests)
2020-09-22 15:07:39 INFO  [pool-1-thread-5] com.versatiletester.test.TestBase:159 - ActionType: CLICK; IdentifierType: id; IdentifierValue: gw-link; 
2020-09-22 15:07:40 INFO  [pool-1-thread-7] com.versatiletester.test.TestBase:159 - ActionType: CLICK; IdentifierType: id; IdentifierValue: gw-link; 
2020-09-22 15:07:40 INFO  [pool-1-thread-5] com.versatiletester.test.TestBase:159 - ActionType: CLICK; IdentifierType: id; IdentifierValue: btn-next; 
2020-09-22 15:07:41 INFO  [pool-1-thread-7] com.versatiletester.test.TestBase:159 - ActionType: CLICK; IdentifierType: id; IdentifierValue: btn-next; 
2020-09-22 15:07:41 INFO  [pool-1-thread-5] com.versatiletester.test.TestBase:159 - ActionType: CLICK; IdentifierType: id; IdentifierValue: option-yes; 
2020-09-22 15:07:41 INFO  [pool-1-thread-7] com.versatiletester.test.TestBase:159 - ActionType: CLICK; IdentifierType: id; IdentifierValue: option-yes; 
2020-09-22 15:07:42 INFO  [pool-1-thread-5] com.versatiletester.test.TestBase:159 - ActionType: CLICK; IdentifierType: id; IdentifierValue: btn-next; 
2020-09-22 15:07:42 INFO  [pool-1-thread-7] com.versatiletester.test.TestBase:159 - ActionType: CLICK; IdentifierType: id; IdentifierValue: btn-next; 
2020-09-22 15:07:43 INFO  [pool-1-thread-5] com.versatiletester.test.TestBase:159 - ActionType: CLICK; IdentifierType: id; IdentifierValue: option-yes; 
2020-09-22 15:07:43 INFO  [pool-1-thread-7] com.versatiletester.test.TestBase:159 - ActionType: CLICK; IdentifierType: id; IdentifierValue: option-no; 
2020-09-22 15:07:43 INFO  [pool-1-thread-5] com.versatiletester.test.TestBase:159 - ActionType: CLICK; IdentifierType: id; IdentifierValue: btn-next; 
2020-09-22 15:07:44 INFO  [pool-1-thread-7] com.versatiletester.test.TestBase:159 - ActionType: CLICK; IdentifierType: id; IdentifierValue: btn-next; 
2020-09-22 15:07:44 INFO  [pool-1-thread-5] com.versatiletester.test.TestBase:159 - ActionType: CLICK; IdentifierType: id; IdentifierValue: option-no; 
2020-09-22 15:07:44 INFO  [pool-1-thread-7] com.versatiletester.test.TestBase:159 - ActionType: CLICK; IdentifierType: id; IdentifierValue: option-yes; 
2020-09-22 15:07:45 INFO  [pool-1-thread-5] com.versatiletester.test.TestBase:159 - ActionType: CLICK; IdentifierType: id; IdentifierValue: btn-next; 
2020-09-22 15:07:45 INFO  [pool-1-thread-7] com.versatiletester.test.TestBase:159 - ActionType: CLICK; IdentifierType: id; IdentifierValue: btn-next; 
2020-09-22 15:07:46 INFO  [pool-1-thread-5] com.versatiletester.test.TestBase:159 - ActionType: CLICK; IdentifierType: id; IdentifierValue: option-yes; 
2020-09-22 15:07:46 INFO  [pool-1-thread-7] com.versatiletester.test.TestBase:159 - ActionType: CLICK; IdentifierType: id; IdentifierValue: option-yes; 
2020-09-22 15:07:46 INFO  [pool-1-thread-5] com.versatiletester.test.TestBase:159 - ActionType: CLICK; IdentifierType: id; IdentifierValue: btn-next; 
2020-09-22 15:07:47 INFO  [pool-1-thread-7] com.versatiletester.test.TestBase:159 - ActionType: CLICK; IdentifierType: id; IdentifierValue: btn-next; 
2020-09-22 15:07:47 INFO  [pool-1-thread-5] com.versatiletester.test.TestBase:159 - ActionType: CLICK; IdentifierType: id; IdentifierValue: option-no; 
2020-09-22 15:07:47 INFO  [pool-1-thread-7] com.versatiletester.test.TestBase:159 - ActionType: ASSERT_ELEMENT; IdentifierType: xpath; IdentifierValue: //h1[text() = 'Batman']; Value: Exists; 
2020-09-22 15:07:47 INFO  [pool-1-thread-7] com.versatiletester.action.TestAction:164 - Asserting element (ActionType: ASSERT_ELEMENT; IdentifierType: xpath; IdentifierValue: //h1[text() = 'Batman']; Value: Exists; ) exists.
2020-09-22 15:07:48 INFO  [pool-1-thread-5] com.versatiletester.test.TestBase:159 - ActionType: CLICK; IdentifierType: id; IdentifierValue: btn-next; 
2020-09-22 15:07:48 INFO  [pool-1-thread-7] com.versatiletester.test.TestBase:123 - Test Passed: guessWhoBatmanFlow(com.versatiletester.test.impl.app.GuessWhoExcel_Tests)
2020-09-22 15:07:49 INFO  [pool-1-thread-5] com.versatiletester.test.TestBase:159 - ActionType: CLICK; IdentifierType: id; IdentifierValue: option-yes; 
2020-09-22 15:07:50 INFO  [pool-1-thread-5] com.versatiletester.test.TestBase:159 - ActionType: CLICK; IdentifierType: id; IdentifierValue: btn-next; 
2020-09-22 15:07:50 INFO  [pool-1-thread-5] com.versatiletester.test.TestBase:159 - ActionType: ASSERT_ELEMENT; IdentifierType: xpath; IdentifierValue: //h1[text() = 'Spiderman']; Value: Exists; 
2020-09-22 15:07:50 INFO  [pool-1-thread-5] com.versatiletester.action.TestAction:164 - Asserting element (ActionType: ASSERT_ELEMENT; IdentifierType: xpath; IdentifierValue: //h1[text() = 'Spiderman']; Value: Exists; ) exists.
2020-09-22 15:07:51 INFO  [pool-1-thread-5] com.versatiletester.test.TestBase:123 - Test Passed: guessWhoSpidermanFlow(com.versatiletester.test.impl.app.GuessWhoCSV_Tests)
